<?xml version="1.0" encoding="UTF-8"?>
<!-- Generated by org.testng.reporters.JUnitReportReporter -->
<testsuite ignored="1" hostname="DESKTOP-310KIF9" failures="0" tests="3" name="Challenge.Selenium.TestCase.TC005_WoodLand" time="92.805" errors="0" timestamp="10 Oct 2019 11:02:51 GMT" skipped="0">
  <testcase classname="Challenge.Selenium.TestCase.TC005_WoodLand" name="TestFireFox" time="38.589"/>
  <testcase classname="Challenge.Selenium.TestCase.TC005_WoodLand" name="TestFireFox" time="28.185"/>
  <testcase classname="Challenge.Selenium.TestCase.TC005_WoodLand" name="TestFireFox" time="26.031"/>
  <testcase classname="Challenge.Selenium.TestCase.TC005_WoodLand" name="verifyWoodLand">
    <skipped/>
  </testcase> <!-- verifyWoodLand -->
</testsuite> <!-- Challenge.Selenium.TestCase.TC005_WoodLand -->
