<?xml version="1.0" encoding="UTF-8"?>
<!-- Generated by org.testng.reporters.JUnitReportReporter -->
<testsuite hostname="DESKTOP-310KIF9" failures="0" tests="1" name="Challenge.Selenium.TestCase.TC001_MeriPustak" time="29.714" errors="0" timestamp="10 Oct 2019 08:39:55 GMT" skipped="0">
  <testcase classname="Challenge.Selenium.TestCase.TC001_MeriPustak" name="verifyMeriPustak" time="29.714"/>
</testsuite> <!-- Challenge.Selenium.TestCase.TC001_MeriPustak -->
