<?xml version="1.0" encoding="UTF-8"?>
<!-- Generated by org.testng.reporters.JUnitReportReporter -->
<testsuite ignored="0" hostname="DESKTOP-310KIF9" failures="0" tests="1" name="Challenge.Selenium.TestCase.TC004_HomeTown" time="40.134" errors="0" timestamp="08 Oct 2019 10:47:45 GMT" skipped="0">
  <testcase classname="Challenge.Selenium.TestCase.TC004_HomeTown" name="verifyHomeTown" time="40.134"/>
</testsuite> <!-- Challenge.Selenium.TestCase.TC004_HomeTown -->
