<?xml version="1.0" encoding="UTF-8"?>
<!-- Generated by org.testng.reporters.JUnitReportReporter -->
<testsuite ignored="0" hostname="DESKTOP-310KIF9" failures="0" tests="1" name="Challenge.Selenium.TestCase.TC001_verifyLoginToStampinup" time="15.909" errors="0" timestamp="03 Oct 2019 10:31:23 GMT" skipped="0">
  <testcase classname="Challenge.Selenium.TestCase.TC001_verifyLoginToStampinup" name="verifyLoginSuccess" time="15.909"/>
</testsuite> <!-- Challenge.Selenium.TestCase.TC001_verifyLoginToStampinup -->
