<?xml version="1.0" encoding="UTF-8"?>
<!-- Generated by org.testng.reporters.JUnitReportReporter -->
<testsuite ignored="0" hostname="DESKTOP-310KIF9" failures="0" tests="1" name="Challenge.Selenium.TestCase.TC002_CIIOnlineRegistration" time="29.648" errors="0" timestamp="07 Oct 2019 11:15:48 GMT" skipped="0">
  <testcase classname="Challenge.Selenium.TestCase.TC002_CIIOnlineRegistration" name="verifyCIIOnlineTegistration" time="29.648"/>
</testsuite> <!-- Challenge.Selenium.TestCase.TC002_CIIOnlineRegistration -->
