<?xml version="1.0" encoding="UTF-8"?>
<!-- Generated by org.testng.reporters.JUnitReportReporter -->
<testsuite ignored="0" hostname="DESKTOP-310KIF9" failures="0" tests="1" name="Challenge.Selenium.TestCase.TC003_PremierLeague" time="20.732" errors="0" timestamp="08 Oct 2019 07:49:14 GMT" skipped="0">
  <testcase classname="Challenge.Selenium.TestCase.TC003_PremierLeague" name="verifyCIIOnlineTegistration" time="20.732"/>
</testsuite> <!-- Challenge.Selenium.TestCase.TC003_PremierLeague -->
