<?xml version="1.0" encoding="UTF-8"?>
<!-- Generated by org.testng.reporters.JUnitReportReporter -->
<testsuite hostname="DESKTOP-310KIF9" failures="0" tests="4" name="Challenge.Selenium.TestCase.TC005_WoodLand" time="74.764" errors="0" timestamp="10 Oct 2019 08:34:35 GMT" skipped="1">
  <testcase classname="Challenge.Selenium.TestCase.TC005_WoodLand" name="TestFireFox" time="32.145"/>
  <testcase classname="Challenge.Selenium.TestCase.TC005_WoodLand" name="TestFireFox" time="20.391"/>
  <testcase classname="Challenge.Selenium.TestCase.TC005_WoodLand" name="TestFireFox" time="22.228"/>
  <testcase classname="Challenge.Selenium.TestCase.TC005_WoodLand" name="verifyWoodLand">
    <skipped/>
  </testcase> <!-- verifyWoodLand -->
</testsuite> <!-- Challenge.Selenium.TestCase.TC005_WoodLand -->
