<?xml version="1.0" encoding="UTF-8"?>
<!-- Generated by org.testng.reporters.JUnitReportReporter -->
<testsuite ignored="0" hostname="DESKTOP-310KIF9" failures="0" tests="1" name="Challenge.Selenium.TestCase.TC001_MeriPustak" time="28.495" errors="0" timestamp="10 Oct 2019 10:59:00 GMT" skipped="0">
  <testcase classname="Challenge.Selenium.TestCase.TC001_MeriPustak" name="verifyMeriPustak" time="28.495"/>
</testsuite> <!-- Challenge.Selenium.TestCase.TC001_MeriPustak -->
